<?xml version="1.0" encoding="UTF-8"?>
<!-- Generated by org.testng.reporters.JUnitXMLReporter -->
<testsuite hostname="Vaibhav" ignored="0" name="FREE CRM TEST CASES" tests="12" failures="0" timestamp="30 Dec 2018 15:11:56 GMT" time="381.353" errors="0">
  <testcase name="loginPageTitleTest" time="0.316" classname="com.crm.qa.testcases.LoginPageTest"/>
  <testcase name="verifyHomePageTitleTest" time="0.02" classname="com.crm.qa.testcases.HomePageTest"/>
  <testcase name="verifyContactsLabel" time="0.14" classname="com.crm.qa.testcases.ContactPageTest"/>
  <testcase name="crmLogoImageTest" time="0.192" classname="com.crm.qa.testcases.LoginPageTest"/>
  <testcase name="verifyUserNameTest" time="0.398" classname="com.crm.qa.testcases.HomePageTest"/>
  <testcase name="selectSingleContactsTest" time="0.388" classname="com.crm.qa.testcases.ContactPageTest"/>
  <testcase name="LoginTest" time="10.012" classname="com.crm.qa.testcases.LoginPageTest"/>
  <testcase name="verifyContactsLinkTest" time="2.781" classname="com.crm.qa.testcases.HomePageTest"/>
  <testcase name="selecMultipletContactsTest" time="0.68" classname="com.crm.qa.testcases.ContactPageTest"/>
  <testcase name="createNewContact" time="12.862" classname="com.crm.qa.testcases.ContactPageTest"/>
  <testcase name="createNewContact" time="8.654" classname="com.crm.qa.testcases.ContactPageTest"/>
  <testcase name="createNewContact" time="7.968" classname="com.crm.qa.testcases.ContactPageTest"/>
</testsuite> <!-- FREE CRM TEST CASES -->
