<?xml version="1.0" encoding="UTF-8"?>
<!-- Generated by org.testng.reporters.JUnitXMLReporter -->
<testsuite hostname="Vaibhav" ignored="0" name="Command line test" tests="3" failures="0" timestamp="30 Dec 2018 16:26:13 GMT" time="74.05" errors="0">
  <testcase name="verifyContactsLabel" time="0.166" classname="com.crm.qa.testcases.ContactPageTest"/>
  <testcase name="verifyHomePageTitleTest" time="0.053" classname="com.crm.qa.testcases.HomePageTest"/>
  <testcase name="loginPageTitleTest" time="0.044" classname="com.crm.qa.testcases.LoginPageTest"/>
</testsuite> <!-- Command line test -->
