<?xml version="1.0" encoding="UTF-8"?>
<testng-results skipped="0" failed="0" ignored="0" total="3" passed="3">
  <reporter-output>
  </reporter-output>
  <suite name="Command line suite" duration-ms="74050" started-at="2018-12-30T16:24:58Z" finished-at="2018-12-30T16:26:13Z">
    <groups>
    </groups>
    <test name="Command line test" duration-ms="74050" started-at="2018-12-30T16:24:58Z" finished-at="2018-12-30T16:26:13Z">
      <class name="com.crm.qa.testcases.ContactPageTest">
        <test-method status="PASS" signature="setUp()[pri:0, instance:com.crm.qa.testcases.ContactPageTest@6fb554cc]" name="setUp" is-config="true" duration-ms="35112" started-at="2018-12-30T16:24:59Z" finished-at="2018-12-30T16:25:34Z">
          <reporter-output>
          </reporter-output>
        </test-method> <!-- setUp -->
        <test-method status="PASS" signature="verifyContactsLabel()[pri:1, instance:com.crm.qa.testcases.ContactPageTest@6fb554cc]" name="verifyContactsLabel" duration-ms="166" started-at="2018-12-30T16:25:34Z" finished-at="2018-12-30T16:25:34Z">
          <reporter-output>
          </reporter-output>
        </test-method> <!-- verifyContactsLabel -->
        <test-method status="PASS" signature="tearDown()[pri:0, instance:com.crm.qa.testcases.ContactPageTest@6fb554cc]" name="tearDown" is-config="true" duration-ms="1417" started-at="2018-12-30T16:25:34Z" finished-at="2018-12-30T16:25:35Z">
          <reporter-output>
          </reporter-output>
        </test-method> <!-- tearDown -->
      </class> <!-- com.crm.qa.testcases.ContactPageTest -->
      <class name="com.crm.qa.testcases.HomePageTest">
        <test-method status="PASS" signature="setUp()[pri:0, instance:com.crm.qa.testcases.HomePageTest@614c5515]" name="setUp" is-config="true" duration-ms="23573" started-at="2018-12-30T16:25:35Z" finished-at="2018-12-30T16:25:59Z">
          <reporter-output>
          </reporter-output>
        </test-method> <!-- setUp -->
        <test-method status="PASS" signature="verifyHomePageTitleTest()[pri:1, instance:com.crm.qa.testcases.HomePageTest@614c5515]" name="verifyHomePageTitleTest" duration-ms="53" started-at="2018-12-30T16:25:59Z" finished-at="2018-12-30T16:25:59Z">
          <reporter-output>
          </reporter-output>
        </test-method> <!-- verifyHomePageTitleTest -->
        <test-method status="PASS" signature="tearDown()[pri:0, instance:com.crm.qa.testcases.HomePageTest@614c5515]" name="tearDown" is-config="true" duration-ms="1294" started-at="2018-12-30T16:25:59Z" finished-at="2018-12-30T16:26:00Z">
          <reporter-output>
          </reporter-output>
        </test-method> <!-- tearDown -->
      </class> <!-- com.crm.qa.testcases.HomePageTest -->
      <class name="com.crm.qa.testcases.LoginPageTest">
        <test-method status="PASS" signature="setUp()[pri:0, instance:com.crm.qa.testcases.LoginPageTest@77b52d12]" name="setUp" is-config="true" duration-ms="11173" started-at="2018-12-30T16:26:00Z" finished-at="2018-12-30T16:26:11Z">
          <reporter-output>
          </reporter-output>
        </test-method> <!-- setUp -->
        <test-method status="PASS" signature="loginPageTitleTest()[pri:1, instance:com.crm.qa.testcases.LoginPageTest@77b52d12]" name="loginPageTitleTest" duration-ms="44" started-at="2018-12-30T16:26:11Z" finished-at="2018-12-30T16:26:11Z">
          <reporter-output>
          </reporter-output>
        </test-method> <!-- loginPageTitleTest -->
        <test-method status="PASS" signature="tearDown()[pri:0, instance:com.crm.qa.testcases.LoginPageTest@77b52d12]" name="tearDown" is-config="true" duration-ms="1101" started-at="2018-12-30T16:26:11Z" finished-at="2018-12-30T16:26:13Z">
          <reporter-output>
          </reporter-output>
        </test-method> <!-- tearDown -->
      </class> <!-- com.crm.qa.testcases.LoginPageTest -->
    </test> <!-- Command line test -->
  </suite> <!-- Command line suite -->
</testng-results>
