<?xml version="1.0" encoding="UTF-8"?>
<testng-results skipped="0" failed="0" ignored="2" total="3" passed="1">
  <reporter-output>
  </reporter-output>
  <suite name="Default suite" duration-ms="28217" started-at="2018-12-30T15:28:35Z" finished-at="2018-12-30T15:29:03Z">
    <groups>
    </groups>
    <test name="Default test" duration-ms="28217" started-at="2018-12-30T15:28:35Z" finished-at="2018-12-30T15:29:03Z">
      <class name="com.crm.qa.testcases.LoginPageTest">
        <test-method status="PASS" signature="setUp()[pri:0, instance:com.crm.qa.testcases.LoginPageTest@4dfa3a9d]" name="setUp" is-config="true" duration-ms="15696" started-at="2018-12-30T15:28:35Z" finished-at="2018-12-30T15:28:51Z">
          <reporter-output>
          </reporter-output>
        </test-method> <!-- setUp -->
        <test-method status="PASS" signature="LoginTest()[pri:3, instance:com.crm.qa.testcases.LoginPageTest@4dfa3a9d]" name="LoginTest" duration-ms="11206" started-at="2018-12-30T15:28:51Z" finished-at="2018-12-30T15:29:02Z">
          <reporter-output>
          </reporter-output>
        </test-method> <!-- LoginTest -->
        <test-method status="PASS" signature="tearDown()[pri:0, instance:com.crm.qa.testcases.LoginPageTest@4dfa3a9d]" name="tearDown" is-config="true" duration-ms="1214" started-at="2018-12-30T15:29:02Z" finished-at="2018-12-30T15:29:03Z">
          <reporter-output>
          </reporter-output>
        </test-method> <!-- tearDown -->
      </class> <!-- com.crm.qa.testcases.LoginPageTest -->
    </test> <!-- Default test -->
  </suite> <!-- Default suite -->
</testng-results>
